<?xml version="1.0" encoding="UTF-8"?>
<!-- Generated by org.testng.reporters.JUnitXMLReporter -->
<testsuite hostname="LAPTOP-JEI8AS0O" ignored="0" name="Default test" tests="3" failures="0" timestamp="15 Dec 2019 19:15:06 GMT" time="0.044" errors="0">
  <testcase name="fisrt" time="0.005" classname="testcases.HRMTestCases"/>
  <testcase name="second" time="0.002" classname="testcases.HRMTestCases"/>
  <testcase name="third" time="0.002" classname="testcases.HRMTestCases"/>
</testsuite> <!-- Default test -->
